<?xml version="1.0" encoding="UTF-8"?>
<!-- Generated by org.testng.reporters.JUnitReportReporter -->
<testsuite skipped="0" hostname="LAPTOP-SS7107SN" name="TestCases.TC_login_001" tests="1" failures="0" timestamp="2022-06-24T11:57:34 IST" time="1.745" errors="0">
  <testcase name="login" time="1.745" classname="TestCases.TC_login_001"/>
  <system-out/>
</testsuite> <!-- TestCases.TC_login_001 -->
